<?xml version="1.0" encoding="UTF-8"?>
<testng-results ignored="0" total="2" passed="2" failed="0" skipped="0">
  <reporter-output>
  </reporter-output>
  <suite started-at="2022-03-29T08:50:06 IST" name="Default suite" finished-at="2022-03-29T08:50:06 IST" duration-ms="148">
    <groups>
    </groups>
    <test started-at="2022-03-29T08:50:06 IST" name="Default test" finished-at="2022-03-29T08:50:06 IST" duration-ms="148">
      <class name="dataprovider.Data1">
        <test-method signature="test(java.lang.String,java.lang.String)[pri:0, instance:dataprovider.Data1@d6e7bab]" started-at="2022-03-29T08:50:06 IST" name="test" data-provider="testdata" finished-at="2022-03-29T08:50:06 IST" duration-ms="16" status="PASS">
          <params>
            <param index="0">
              <value>
                <![CDATA[test1]]>
              </value>
            </param>
            <param index="1">
              <value>
                <![CDATA[test2]]>
              </value>
            </param>
          </params>
          <reporter-output>
          </reporter-output>
        </test-method> <!-- test -->
        <test-method signature="test(java.lang.String,java.lang.String)[pri:0, instance:dataprovider.Data1@d6e7bab]" started-at="2022-03-29T08:50:06 IST" name="test" data-provider="testdata" finished-at="2022-03-29T08:50:06 IST" duration-ms="6" status="PASS">
          <params>
            <param index="0">
              <value>
                <![CDATA[test3]]>
              </value>
            </param>
            <param index="1">
              <value>
                <![CDATA[test4]]>
              </value>
            </param>
          </params>
          <reporter-output>
          </reporter-output>
        </test-method> <!-- test -->
      </class> <!-- dataprovider.Data1 -->
    </test> <!-- Default test -->
  </suite> <!-- Default suite -->
</testng-results>
