<?xml version="1.0" encoding="UTF-8"?>
<!-- Generated by org.testng.reporters.JUnitXMLReporter -->
<testsuite ignored="4" hostname="Dell" failures="0" tests="1" name="Test" time="9.042" errors="0" timestamp="2022-03-28T09:19:00 IST">
  <testcase classname="testng.Test1" name="searchbooks" time="1.459"/>
  <testcase classname="testng.Test1" name="electronics" time="0.0">
    <ignored/>
  </testcase> <!-- electronics -->
  <testcase classname="testng.Test1" name="register" time="0.0">
    <ignored/>
  </testcase> <!-- register -->
  <testcase classname="testng.Test1" name="login" time="0.0">
    <ignored/>
  </testcase> <!-- login -->
  <testcase classname="testng.Test1" name="computersaction" time="0.0">
    <ignored/>
  </testcase> <!-- computersaction -->
</testsuite> <!-- Test -->
